2025-12-04 18:54:54.133 | INFO | Starting cleanup operation
2025-12-04 18:54:54.134 | INFO | Scanning folder: C:\Users\hp\AppData\Local\Temp\pytest-of-Srinivasa Reddy\pytest-8\test_run_with_empty_folder0\downloads
2025-12-04 18:54:54.134 | INFO | Found 0 files to process
2025-12-04 18:54:54.134 | INFO | Cleanup complete: 0 files moved, 0 errors
2025-12-04 18:54:54.158 | INFO | Starting cleanup operation
2025-12-04 18:54:54.158 | INFO | Scanning folder: C:\Users\hp\AppData\Local\Temp\pytest-of-Srinivasa Reddy\pytest-8\test_run_with_files0\downloads
2025-12-04 18:54:54.310 | INFO | Found 3 files to process
2025-12-04 18:54:54.310 | INFO | Classifying: document.pdf
2025-12-04 18:54:54.311 | INFO | Rule-based classification: Documents (confidence: 1.00)
2025-12-04 18:54:54.311 | INFO | Explanation: File extension '.pdf' maps to Documents
2025-12-04 18:54:54.312 | INFO | Moving: document.pdf → C:\Users\hp\AppData\Local\Temp\pytest-of-Srinivasa Reddy\pytest-8\test_run_with_files0\downloads\organized\Documents\document.pdf
2025-12-04 18:54:54.313 | INFO | Moved: document.pdf
2025-12-04 18:54:54.313 | INFO | Classifying: image.jpg
2025-12-04 18:54:54.313 | INFO | Rule-based classification: Images (confidence: 1.00)
2025-12-04 18:54:54.313 | INFO | Explanation: File extension '.jpg' maps to Images
2025-12-04 18:54:54.314 | INFO | Moving: image.jpg → C:\Users\hp\AppData\Local\Temp\pytest-of-Srinivasa Reddy\pytest-8\test_run_with_files0\downloads\organized\Images\image.jpg
2025-12-04 18:54:54.314 | INFO | Moved: image.jpg
2025-12-04 18:54:54.314 | INFO | Classifying: video.mp4
2025-12-04 18:54:54.314 | INFO | Rule-based classification: Videos (confidence: 1.00)
2025-12-04 18:54:54.314 | INFO | Explanation: File extension '.mp4' maps to Videos
2025-12-04 18:54:54.315 | INFO | Moving: video.mp4 → C:\Users\hp\AppData\Local\Temp\pytest-of-Srinivasa Reddy\pytest-8\test_run_with_files0\downloads\organized\Videos\video.mp4
2025-12-04 18:54:54.315 | INFO | Moved: video.mp4
2025-12-04 18:54:54.315 | INFO | Cleanup complete: 3 files moved, 0 errors
2025-12-04 18:54:54.334 | INFO | Starting cleanup operation
2025-12-04 18:54:54.334 | INFO | Scanning folder: \nonexistent\folder\path
2025-12-04 18:54:54.358 | INFO | Starting cleanup operation
2025-12-04 18:54:54.358 | INFO | Scanning folder: C:\Users\hp\AppData\Local\Temp\pytest-of-Srinivasa Reddy\pytest-8\test_main_with_folder_argument0\downloads
2025-12-04 18:54:54.358 | INFO | Found 1 files to process
2025-12-04 18:54:54.358 | INFO | Classifying: test.pdf
2025-12-04 18:54:54.358 | INFO | Rule-based classification: Documents (confidence: 1.00)
2025-12-04 18:54:54.358 | INFO | Explanation: File extension '.pdf' maps to Documents
2025-12-04 18:54:54.360 | INFO | Moving: test.pdf → C:\Users\hp\Downloads\organized\Documents\test_6.pdf
2025-12-04 18:54:54.360 | INFO | Moved: test.pdf
2025-12-04 18:54:54.360 | INFO | Cleanup complete: 1 files moved, 0 errors
2025-12-04 18:54:54.367 | INFO | Starting cleanup operation
2025-12-04 18:54:54.367 | INFO | Scanning folder: C:\Users\hp\AppData\Local\Temp\pytest-of-Srinivasa Reddy\pytest-8\test_main_without_folder_argum0\Downloads
2025-12-04 18:54:54.368 | INFO | Found 1 files to process
2025-12-04 18:54:54.368 | INFO | Classifying: test.pdf
2025-12-04 18:54:54.368 | INFO | Rule-based classification: Documents (confidence: 1.00)
2025-12-04 18:54:54.368 | INFO | Explanation: File extension '.pdf' maps to Documents
2025-12-04 18:54:54.370 | INFO | Moving: test.pdf → C:\Users\hp\AppData\Local\Temp\pytest-of-Srinivasa Reddy\pytest-8\test_main_without_folder_argum0\Downloads\organized\Documents\test.pdf
2025-12-04 18:54:54.371 | INFO | Moved: test.pdf
2025-12-04 18:54:54.371 | INFO | Cleanup complete: 1 files moved, 0 errors
2025-12-04 18:54:54.383 | INFO | Starting cleanup operation
2025-12-04 18:54:54.383 | INFO | Scanning folder: C:\Users\hp\AppData\Local\Temp\pytest-of-Srinivasa Reddy\pytest-8\test_main_with_missing_config_0\downloads
2025-12-04 18:54:54.383 | INFO | Found 1 files to process
2025-12-04 18:54:54.383 | INFO | Classifying: test.pdf
2025-12-04 18:54:54.384 | INFO | Rule-based classification: Documents (confidence: 1.00)
2025-12-04 18:54:54.384 | INFO | Explanation: File extension '.pdf' maps to Documents
2025-12-04 18:54:54.385 | INFO | Moving: test.pdf → C:\Users\hp\Downloads\organized\Documents\test_7.pdf
2025-12-04 18:54:54.385 | INFO | Moved: test.pdf
2025-12-04 18:54:54.385 | INFO | Cleanup complete: 1 files moved, 0 errors
2025-12-04 18:54:54.395 | INFO | Starting cleanup operation
2025-12-04 18:54:54.395 | INFO | Scanning folder: C:\Users\hp\AppData\Local\Temp\pytest-of-Srinivasa Reddy\pytest-8\test_main_displays_success_mes0\downloads
2025-12-04 18:54:54.395 | INFO | Found 1 files to process
2025-12-04 18:54:54.395 | INFO | Classifying: test.pdf
2025-12-04 18:54:54.395 | INFO | Rule-based classification: Documents (confidence: 1.00)
2025-12-04 18:54:54.395 | INFO | Explanation: File extension '.pdf' maps to Documents
2025-12-04 18:54:54.397 | INFO | Moving: test.pdf → C:\Users\hp\Downloads\organized\Documents\test_8.pdf
2025-12-04 18:54:54.397 | INFO | Moved: test.pdf
2025-12-04 18:54:54.397 | INFO | Cleanup complete: 1 files moved, 0 errors
2025-12-04 18:54:54.430 | INFO | Starting cleanup operation
2025-12-04 18:54:54.430 | INFO | Scanning folder: C:\Users\hp\AppData\Local\Temp\pytest-of-Srinivasa Reddy\pytest-8\test_progress_indicator_shown_0\downloads
2025-12-04 18:54:54.434 | INFO | Found 25 files to process
2025-12-04 18:54:54.434 | INFO | Classifying: file0.txt
2025-12-04 18:54:54.434 | INFO | Rule-based classification: Documents (confidence: 1.00)
2025-12-04 18:54:54.434 | INFO | Explanation: File extension '.txt' maps to Documents
2025-12-04 18:54:54.436 | INFO | Moving: file0.txt → C:\Users\hp\AppData\Local\Temp\pytest-of-Srinivasa Reddy\pytest-8\test_progress_indicator_shown_0\downloads\organized\Documents\file0.txt
2025-12-04 18:54:54.436 | INFO | Moved: file0.txt
2025-12-04 18:54:54.436 | INFO | Classifying: file1.txt
2025-12-04 18:54:54.436 | INFO | Rule-based classification: Documents (confidence: 1.00)
2025-12-04 18:54:54.437 | INFO | Explanation: File extension '.txt' maps to Documents
2025-12-04 18:54:54.438 | INFO | Moving: file1.txt → C:\Users\hp\AppData\Local\Temp\pytest-of-Srinivasa Reddy\pytest-8\test_progress_indicator_shown_0\downloads\organized\Documents\file1.txt
2025-12-04 18:54:54.439 | INFO | Moved: file1.txt
2025-12-04 18:54:54.439 | INFO | Classifying: file10.txt
2025-12-04 18:54:54.439 | INFO | Rule-based classification: Documents (confidence: 1.00)
2025-12-04 18:54:54.439 | INFO | Explanation: File extension '.txt' maps to Documents
2025-12-04 18:54:54.441 | INFO | Moving: file10.txt → C:\Users\hp\AppData\Local\Temp\pytest-of-Srinivasa Reddy\pytest-8\test_progress_indicator_shown_0\downloads\organized\Documents\file10.txt
2025-12-04 18:54:54.441 | INFO | Moved: file10.txt
2025-12-04 18:54:54.441 | INFO | Classifying: file11.txt
2025-12-04 18:54:54.441 | INFO | Rule-based classification: Documents (confidence: 1.00)
2025-12-04 18:54:54.441 | INFO | Explanation: File extension '.txt' maps to Documents
2025-12-04 18:54:54.442 | INFO | Moving: file11.txt → C:\Users\hp\AppData\Local\Temp\pytest-of-Srinivasa Reddy\pytest-8\test_progress_indicator_shown_0\downloads\organized\Documents\file11.txt
2025-12-04 18:54:54.442 | INFO | Moved: file11.txt
2025-12-04 18:54:54.443 | INFO | Classifying: file12.txt
2025-12-04 18:54:54.443 | INFO | Rule-based classification: Documents (confidence: 1.00)
2025-12-04 18:54:54.443 | INFO | Explanation: File extension '.txt' maps to Documents
2025-12-04 18:54:54.444 | INFO | Moving: file12.txt → C:\Users\hp\AppData\Local\Temp\pytest-of-Srinivasa Reddy\pytest-8\test_progress_indicator_shown_0\downloads\organized\Documents\file12.txt
2025-12-04 18:54:54.444 | INFO | Moved: file12.txt
2025-12-04 18:54:54.444 | INFO | Classifying: file13.txt
2025-12-04 18:54:54.444 | INFO | Rule-based classification: Documents (confidence: 1.00)
2025-12-04 18:54:54.444 | INFO | Explanation: File extension '.txt' maps to Documents
2025-12-04 18:54:54.446 | INFO | Moving: file13.txt → C:\Users\hp\AppData\Local\Temp\pytest-of-Srinivasa Reddy\pytest-8\test_progress_indicator_shown_0\downloads\organized\Documents\file13.txt
2025-12-04 18:54:54.446 | INFO | Moved: file13.txt
2025-12-04 18:54:54.446 | INFO | Classifying: file14.txt
2025-12-04 18:54:54.446 | INFO | Rule-based classification: Documents (confidence: 1.00)
2025-12-04 18:54:54.446 | INFO | Explanation: File extension '.txt' maps to Documents
2025-12-04 18:54:54.447 | INFO | Moving: file14.txt → C:\Users\hp\AppData\Local\Temp\pytest-of-Srinivasa Reddy\pytest-8\test_progress_indicator_shown_0\downloads\organized\Documents\file14.txt
2025-12-04 18:54:54.447 | INFO | Moved: file14.txt
2025-12-04 18:54:54.447 | INFO | Classifying: file15.txt
2025-12-04 18:54:54.447 | INFO | Rule-based classification: Documents (confidence: 1.00)
2025-12-04 18:54:54.447 | INFO | Explanation: File extension '.txt' maps to Documents
2025-12-04 18:54:54.448 | INFO | Moving: file15.txt → C:\Users\hp\AppData\Local\Temp\pytest-of-Srinivasa Reddy\pytest-8\test_progress_indicator_shown_0\downloads\organized\Documents\file15.txt
2025-12-04 18:54:54.448 | INFO | Moved: file15.txt
2025-12-04 18:54:54.448 | INFO | Classifying: file16.txt
2025-12-04 18:54:54.448 | INFO | Rule-based classification: Documents (confidence: 1.00)
2025-12-04 18:54:54.448 | INFO | Explanation: File extension '.txt' maps to Documents
2025-12-04 18:54:54.449 | INFO | Moving: file16.txt → C:\Users\hp\AppData\Local\Temp\pytest-of-Srinivasa Reddy\pytest-8\test_progress_indicator_shown_0\downloads\organized\Documents\file16.txt
2025-12-04 18:54:54.449 | INFO | Moved: file16.txt
2025-12-04 18:54:54.449 | INFO | Classifying: file17.txt
2025-12-04 18:54:54.450 | INFO | Rule-based classification: Documents (confidence: 1.00)
2025-12-04 18:54:54.450 | INFO | Explanation: File extension '.txt' maps to Documents
2025-12-04 18:54:54.451 | INFO | Moving: file17.txt → C:\Users\hp\AppData\Local\Temp\pytest-of-Srinivasa Reddy\pytest-8\test_progress_indicator_shown_0\downloads\organized\Documents\file17.txt
2025-12-04 18:54:54.451 | INFO | Moved: file17.txt
2025-12-04 18:54:54.451 | INFO | Classifying: file18.txt
2025-12-04 18:54:54.451 | INFO | Rule-based classification: Documents (confidence: 1.00)
2025-12-04 18:54:54.451 | INFO | Explanation: File extension '.txt' maps to Documents
2025-12-04 18:54:54.453 | INFO | Moving: file18.txt → C:\Users\hp\AppData\Local\Temp\pytest-of-Srinivasa Reddy\pytest-8\test_progress_indicator_shown_0\downloads\organized\Documents\file18.txt
2025-12-04 18:54:54.453 | INFO | Moved: file18.txt
2025-12-04 18:54:54.453 | INFO | Classifying: file19.txt
2025-12-04 18:54:54.453 | INFO | Rule-based classification: Documents (confidence: 1.00)
2025-12-04 18:54:54.454 | INFO | Explanation: File extension '.txt' maps to Documents
2025-12-04 18:54:54.455 | INFO | Moving: file19.txt → C:\Users\hp\AppData\Local\Temp\pytest-of-Srinivasa Reddy\pytest-8\test_progress_indicator_shown_0\downloads\organized\Documents\file19.txt
2025-12-04 18:54:54.455 | INFO | Moved: file19.txt
2025-12-04 18:54:54.455 | INFO | Classifying: file2.txt
2025-12-04 18:54:54.456 | INFO | Rule-based classification: Documents (confidence: 1.00)
2025-12-04 18:54:54.456 | INFO | Explanation: File extension '.txt' maps to Documents
2025-12-04 18:54:54.456 | INFO | Moving: file2.txt → C:\Users\hp\AppData\Local\Temp\pytest-of-Srinivasa Reddy\pytest-8\test_progress_indicator_shown_0\downloads\organized\Documents\file2.txt
2025-12-04 18:54:54.457 | INFO | Moved: file2.txt
2025-12-04 18:54:54.457 | INFO | Classifying: file20.txt
2025-12-04 18:54:54.457 | INFO | Rule-based classification: Documents (confidence: 1.00)
2025-12-04 18:54:54.457 | INFO | Explanation: File extension '.txt' maps to Documents
2025-12-04 18:54:54.458 | INFO | Moving: file20.txt → C:\Users\hp\AppData\Local\Temp\pytest-of-Srinivasa Reddy\pytest-8\test_progress_indicator_shown_0\downloads\organized\Documents\file20.txt
2025-12-04 18:54:54.458 | INFO | Moved: file20.txt
2025-12-04 18:54:54.458 | INFO | Classifying: file21.txt
2025-12-04 18:54:54.458 | INFO | Rule-based classification: Documents (confidence: 1.00)
2025-12-04 18:54:54.458 | INFO | Explanation: File extension '.txt' maps to Documents
2025-12-04 18:54:54.459 | INFO | Moving: file21.txt → C:\Users\hp\AppData\Local\Temp\pytest-of-Srinivasa Reddy\pytest-8\test_progress_indicator_shown_0\downloads\organized\Documents\file21.txt
2025-12-04 18:54:54.459 | INFO | Moved: file21.txt
2025-12-04 18:54:54.459 | INFO | Classifying: file22.txt
2025-12-04 18:54:54.459 | INFO | Rule-based classification: Documents (confidence: 1.00)
2025-12-04 18:54:54.459 | INFO | Explanation: File extension '.txt' maps to Documents
2025-12-04 18:54:54.460 | INFO | Moving: file22.txt → C:\Users\hp\AppData\Local\Temp\pytest-of-Srinivasa Reddy\pytest-8\test_progress_indicator_shown_0\downloads\organized\Documents\file22.txt
2025-12-04 18:54:54.460 | INFO | Moved: file22.txt
2025-12-04 18:54:54.460 | INFO | Classifying: file23.txt
2025-12-04 18:54:54.460 | INFO | Rule-based classification: Documents (confidence: 1.00)
2025-12-04 18:54:54.460 | INFO | Explanation: File extension '.txt' maps to Documents
2025-12-04 18:54:54.461 | INFO | Moving: file23.txt → C:\Users\hp\AppData\Local\Temp\pytest-of-Srinivasa Reddy\pytest-8\test_progress_indicator_shown_0\downloads\organized\Documents\file23.txt
2025-12-04 18:54:54.461 | INFO | Moved: file23.txt
2025-12-04 18:54:54.461 | INFO | Classifying: file24.txt
2025-12-04 18:54:54.461 | INFO | Rule-based classification: Documents (confidence: 1.00)
2025-12-04 18:54:54.461 | INFO | Explanation: File extension '.txt' maps to Documents
2025-12-04 18:54:54.462 | INFO | Moving: file24.txt → C:\Users\hp\AppData\Local\Temp\pytest-of-Srinivasa Reddy\pytest-8\test_progress_indicator_shown_0\downloads\organized\Documents\file24.txt
2025-12-04 18:54:54.462 | INFO | Moved: file24.txt
2025-12-04 18:54:54.462 | INFO | Classifying: file3.txt
2025-12-04 18:54:54.462 | INFO | Rule-based classification: Documents (confidence: 1.00)
2025-12-04 18:54:54.463 | INFO | Explanation: File extension '.txt' maps to Documents
2025-12-04 18:54:54.463 | INFO | Moving: file3.txt → C:\Users\hp\AppData\Local\Temp\pytest-of-Srinivasa Reddy\pytest-8\test_progress_indicator_shown_0\downloads\organized\Documents\file3.txt
2025-12-04 18:54:54.463 | INFO | Moved: file3.txt
2025-12-04 18:54:54.463 | INFO | Classifying: file4.txt
2025-12-04 18:54:54.464 | INFO | Rule-based classification: Documents (confidence: 1.00)
2025-12-04 18:54:54.464 | INFO | Explanation: File extension '.txt' maps to Documents
2025-12-04 18:54:54.464 | INFO | Moving: file4.txt → C:\Users\hp\AppData\Local\Temp\pytest-of-Srinivasa Reddy\pytest-8\test_progress_indicator_shown_0\downloads\organized\Documents\file4.txt
2025-12-04 18:54:54.465 | INFO | Moved: file4.txt
2025-12-04 18:54:54.465 | INFO | Classifying: file5.txt
2025-12-04 18:54:54.465 | INFO | Rule-based classification: Documents (confidence: 1.00)
2025-12-04 18:54:54.465 | INFO | Explanation: File extension '.txt' maps to Documents
2025-12-04 18:54:54.465 | INFO | Moving: file5.txt → C:\Users\hp\AppData\Local\Temp\pytest-of-Srinivasa Reddy\pytest-8\test_progress_indicator_shown_0\downloads\organized\Documents\file5.txt
2025-12-04 18:54:54.466 | INFO | Moved: file5.txt
2025-12-04 18:54:54.466 | INFO | Classifying: file6.txt
2025-12-04 18:54:54.466 | INFO | Rule-based classification: Documents (confidence: 1.00)
2025-12-04 18:54:54.466 | INFO | Explanation: File extension '.txt' maps to Documents
2025-12-04 18:54:54.467 | INFO | Moving: file6.txt → C:\Users\hp\AppData\Local\Temp\pytest-of-Srinivasa Reddy\pytest-8\test_progress_indicator_shown_0\downloads\organized\Documents\file6.txt
2025-12-04 18:54:54.467 | INFO | Moved: file6.txt
2025-12-04 18:54:54.467 | INFO | Classifying: file7.txt
2025-12-04 18:54:54.467 | INFO | Rule-based classification: Documents (confidence: 1.00)
2025-12-04 18:54:54.467 | INFO | Explanation: File extension '.txt' maps to Documents
2025-12-04 18:54:54.468 | INFO | Moving: file7.txt → C:\Users\hp\AppData\Local\Temp\pytest-of-Srinivasa Reddy\pytest-8\test_progress_indicator_shown_0\downloads\organized\Documents\file7.txt
2025-12-04 18:54:54.468 | INFO | Moved: file7.txt
2025-12-04 18:54:54.468 | INFO | Classifying: file8.txt
2025-12-04 18:54:54.468 | INFO | Rule-based classification: Documents (confidence: 1.00)
2025-12-04 18:54:54.468 | INFO | Explanation: File extension '.txt' maps to Documents
2025-12-04 18:54:54.469 | INFO | Moving: file8.txt → C:\Users\hp\AppData\Local\Temp\pytest-of-Srinivasa Reddy\pytest-8\test_progress_indicator_shown_0\downloads\organized\Documents\file8.txt
2025-12-04 18:54:54.470 | INFO | Moved: file8.txt
2025-12-04 18:54:54.470 | INFO | Classifying: file9.txt
2025-12-04 18:54:54.470 | INFO | Rule-based classification: Documents (confidence: 1.00)
2025-12-04 18:54:54.470 | INFO | Explanation: File extension '.txt' maps to Documents
2025-12-04 18:54:54.471 | INFO | Moving: file9.txt → C:\Users\hp\AppData\Local\Temp\pytest-of-Srinivasa Reddy\pytest-8\test_progress_indicator_shown_0\downloads\organized\Documents\file9.txt
2025-12-04 18:54:54.471 | INFO | Moved: file9.txt
2025-12-04 18:54:54.472 | INFO | Cleanup complete: 25 files moved, 0 errors
