2025-12-04 19:03:42.561 | INFO | Starting cleanup operation
2025-12-04 19:03:42.562 | INFO | Scanning folder: C:\Users\hp\AppData\Local\Temp\pytest-of-Srinivasa Reddy\pytest-10\test_run_with_empty_folder0\downloads
2025-12-04 19:03:42.562 | INFO | Found 0 files to process
2025-12-04 19:03:42.563 | INFO | Cleanup complete: 0 files moved, 0 errors
2025-12-04 19:03:42.597 | INFO | Starting cleanup operation
2025-12-04 19:03:42.597 | INFO | Scanning folder: C:\Users\hp\AppData\Local\Temp\pytest-of-Srinivasa Reddy\pytest-10\test_run_with_files0\downloads
2025-12-04 19:03:42.600 | INFO | Found 3 files to process
2025-12-04 19:03:42.601 | INFO | Classifying: document.pdf
2025-12-04 19:03:42.602 | INFO | Rule-based classification: Documents (confidence: 1.00)
2025-12-04 19:03:42.604 | INFO | Explanation: File extension '.pdf' maps to Documents
2025-12-04 19:03:42.608 | INFO | Moving: document.pdf → C:\Users\hp\AppData\Local\Temp\pytest-of-Srinivasa Reddy\pytest-10\test_run_with_files0\downloads\organized\Documents\document.pdf
2025-12-04 19:03:42.608 | INFO | Moved: document.pdf
2025-12-04 19:03:42.609 | INFO | Classifying: image.jpg
2025-12-04 19:03:42.609 | INFO | Rule-based classification: Images (confidence: 1.00)
2025-12-04 19:03:42.609 | INFO | Explanation: File extension '.jpg' maps to Images
2025-12-04 19:03:42.610 | INFO | Moving: image.jpg → C:\Users\hp\AppData\Local\Temp\pytest-of-Srinivasa Reddy\pytest-10\test_run_with_files0\downloads\organized\Images\image.jpg
2025-12-04 19:03:42.611 | INFO | Moved: image.jpg
2025-12-04 19:03:42.611 | INFO | Classifying: video.mp4
2025-12-04 19:03:42.611 | INFO | Rule-based classification: Videos (confidence: 1.00)
2025-12-04 19:03:42.611 | INFO | Explanation: File extension '.mp4' maps to Videos
2025-12-04 19:03:42.613 | INFO | Moving: video.mp4 → C:\Users\hp\AppData\Local\Temp\pytest-of-Srinivasa Reddy\pytest-10\test_run_with_files0\downloads\organized\Videos\video.mp4
2025-12-04 19:03:42.613 | INFO | Moved: video.mp4
2025-12-04 19:03:42.613 | INFO | Cleanup complete: 3 files moved, 0 errors
2025-12-04 19:03:42.648 | INFO | Starting cleanup operation
2025-12-04 19:03:42.648 | INFO | Scanning folder: \nonexistent\folder\path
2025-12-04 19:03:42.694 | INFO | Starting cleanup operation
2025-12-04 19:03:42.695 | INFO | Scanning folder: C:\Users\hp\AppData\Local\Temp\pytest-of-Srinivasa Reddy\pytest-10\test_main_with_folder_argument0\downloads
2025-12-04 19:03:42.696 | INFO | Found 1 files to process
2025-12-04 19:03:42.697 | INFO | Classifying: test.pdf
2025-12-04 19:03:42.697 | INFO | Rule-based classification: Documents (confidence: 1.00)
2025-12-04 19:03:42.697 | INFO | Explanation: File extension '.pdf' maps to Documents
2025-12-04 19:03:42.703 | INFO | Moving: test.pdf → C:\Users\hp\Downloads\organized\Documents\test_12.pdf
2025-12-04 19:03:42.704 | INFO | Moved: test.pdf
2025-12-04 19:03:42.704 | INFO | Cleanup complete: 1 files moved, 0 errors
2025-12-04 19:03:42.721 | INFO | Starting cleanup operation
2025-12-04 19:03:42.722 | INFO | Scanning folder: C:\Users\hp\AppData\Local\Temp\pytest-of-Srinivasa Reddy\pytest-10\test_main_without_folder_argum0\Downloads
2025-12-04 19:03:42.723 | INFO | Found 1 files to process
2025-12-04 19:03:42.723 | INFO | Classifying: test.pdf
2025-12-04 19:03:42.723 | INFO | Rule-based classification: Documents (confidence: 1.00)
2025-12-04 19:03:42.723 | INFO | Explanation: File extension '.pdf' maps to Documents
2025-12-04 19:03:42.727 | INFO | Moving: test.pdf → C:\Users\hp\AppData\Local\Temp\pytest-of-Srinivasa Reddy\pytest-10\test_main_without_folder_argum0\Downloads\organized\Documents\test.pdf
2025-12-04 19:03:42.728 | INFO | Moved: test.pdf
2025-12-04 19:03:42.728 | INFO | Cleanup complete: 1 files moved, 0 errors
2025-12-04 19:03:42.748 | INFO | Starting cleanup operation
2025-12-04 19:03:42.748 | INFO | Scanning folder: C:\Users\hp\AppData\Local\Temp\pytest-of-Srinivasa Reddy\pytest-10\test_main_with_missing_config_0\downloads
2025-12-04 19:03:42.750 | INFO | Found 1 files to process
2025-12-04 19:03:42.750 | INFO | Classifying: test.pdf
2025-12-04 19:03:42.750 | INFO | Rule-based classification: Documents (confidence: 1.00)
2025-12-04 19:03:42.751 | INFO | Explanation: File extension '.pdf' maps to Documents
2025-12-04 19:03:42.754 | INFO | Moving: test.pdf → C:\Users\hp\Downloads\organized\Documents\test_13.pdf
2025-12-04 19:03:42.754 | INFO | Moved: test.pdf
2025-12-04 19:03:42.754 | INFO | Cleanup complete: 1 files moved, 0 errors
2025-12-04 19:03:42.763 | INFO | Starting cleanup operation
2025-12-04 19:03:42.763 | INFO | Scanning folder: C:\Users\hp\AppData\Local\Temp\pytest-of-Srinivasa Reddy\pytest-10\test_main_displays_success_mes0\downloads
2025-12-04 19:03:42.763 | INFO | Found 1 files to process
2025-12-04 19:03:42.763 | INFO | Classifying: test.pdf
2025-12-04 19:03:42.763 | INFO | Rule-based classification: Documents (confidence: 1.00)
2025-12-04 19:03:42.763 | INFO | Explanation: File extension '.pdf' maps to Documents
2025-12-04 19:03:42.769 | INFO | Moving: test.pdf → C:\Users\hp\Downloads\organized\Documents\test_14.pdf
2025-12-04 19:03:42.769 | INFO | Moved: test.pdf
2025-12-04 19:03:42.770 | INFO | Cleanup complete: 1 files moved, 0 errors
2025-12-04 19:03:42.825 | INFO | Starting cleanup operation
2025-12-04 19:03:42.825 | INFO | Scanning folder: C:\Users\hp\AppData\Local\Temp\pytest-of-Srinivasa Reddy\pytest-10\test_progress_indicator_shown_0\downloads
2025-12-04 19:03:42.829 | INFO | Found 25 files to process
2025-12-04 19:03:42.829 | INFO | Classifying: file0.txt
2025-12-04 19:03:42.829 | INFO | Rule-based classification: Documents (confidence: 1.00)
2025-12-04 19:03:42.830 | INFO | Explanation: File extension '.txt' maps to Documents
2025-12-04 19:03:42.832 | INFO | Moving: file0.txt → C:\Users\hp\AppData\Local\Temp\pytest-of-Srinivasa Reddy\pytest-10\test_progress_indicator_shown_0\downloads\organized\Documents\file0.txt
2025-12-04 19:03:42.834 | INFO | Moved: file0.txt
2025-12-04 19:03:42.835 | INFO | Classifying: file1.txt
2025-12-04 19:03:42.835 | INFO | Rule-based classification: Documents (confidence: 1.00)
2025-12-04 19:03:42.835 | INFO | Explanation: File extension '.txt' maps to Documents
2025-12-04 19:03:42.839 | INFO | Moving: file1.txt → C:\Users\hp\AppData\Local\Temp\pytest-of-Srinivasa Reddy\pytest-10\test_progress_indicator_shown_0\downloads\organized\Documents\file1.txt
2025-12-04 19:03:42.839 | INFO | Moved: file1.txt
2025-12-04 19:03:42.839 | INFO | Classifying: file10.txt
2025-12-04 19:03:42.839 | INFO | Rule-based classification: Documents (confidence: 1.00)
2025-12-04 19:03:42.840 | INFO | Explanation: File extension '.txt' maps to Documents
2025-12-04 19:03:42.841 | INFO | Moving: file10.txt → C:\Users\hp\AppData\Local\Temp\pytest-of-Srinivasa Reddy\pytest-10\test_progress_indicator_shown_0\downloads\organized\Documents\file10.txt
2025-12-04 19:03:42.841 | INFO | Moved: file10.txt
2025-12-04 19:03:42.842 | INFO | Classifying: file11.txt
2025-12-04 19:03:42.842 | INFO | Rule-based classification: Documents (confidence: 1.00)
2025-12-04 19:03:42.842 | INFO | Explanation: File extension '.txt' maps to Documents
2025-12-04 19:03:42.843 | INFO | Moving: file11.txt → C:\Users\hp\AppData\Local\Temp\pytest-of-Srinivasa Reddy\pytest-10\test_progress_indicator_shown_0\downloads\organized\Documents\file11.txt
2025-12-04 19:03:42.843 | INFO | Moved: file11.txt
2025-12-04 19:03:42.844 | INFO | Classifying: file12.txt
2025-12-04 19:03:42.844 | INFO | Rule-based classification: Documents (confidence: 1.00)
2025-12-04 19:03:42.844 | INFO | Explanation: File extension '.txt' maps to Documents
2025-12-04 19:03:42.845 | INFO | Moving: file12.txt → C:\Users\hp\AppData\Local\Temp\pytest-of-Srinivasa Reddy\pytest-10\test_progress_indicator_shown_0\downloads\organized\Documents\file12.txt
2025-12-04 19:03:42.845 | INFO | Moved: file12.txt
2025-12-04 19:03:42.846 | INFO | Classifying: file13.txt
2025-12-04 19:03:42.846 | INFO | Rule-based classification: Documents (confidence: 1.00)
2025-12-04 19:03:42.846 | INFO | Explanation: File extension '.txt' maps to Documents
2025-12-04 19:03:42.847 | INFO | Moving: file13.txt → C:\Users\hp\AppData\Local\Temp\pytest-of-Srinivasa Reddy\pytest-10\test_progress_indicator_shown_0\downloads\organized\Documents\file13.txt
2025-12-04 19:03:42.847 | INFO | Moved: file13.txt
2025-12-04 19:03:42.847 | INFO | Classifying: file14.txt
2025-12-04 19:03:42.847 | INFO | Rule-based classification: Documents (confidence: 1.00)
2025-12-04 19:03:42.847 | INFO | Explanation: File extension '.txt' maps to Documents
2025-12-04 19:03:42.851 | INFO | Moving: file14.txt → C:\Users\hp\AppData\Local\Temp\pytest-of-Srinivasa Reddy\pytest-10\test_progress_indicator_shown_0\downloads\organized\Documents\file14.txt
2025-12-04 19:03:42.852 | INFO | Moved: file14.txt
2025-12-04 19:03:42.852 | INFO | Classifying: file15.txt
2025-12-04 19:03:42.853 | INFO | Rule-based classification: Documents (confidence: 1.00)
2025-12-04 19:03:42.853 | INFO | Explanation: File extension '.txt' maps to Documents
2025-12-04 19:03:42.855 | INFO | Moving: file15.txt → C:\Users\hp\AppData\Local\Temp\pytest-of-Srinivasa Reddy\pytest-10\test_progress_indicator_shown_0\downloads\organized\Documents\file15.txt
2025-12-04 19:03:42.855 | INFO | Moved: file15.txt
2025-12-04 19:03:42.855 | INFO | Classifying: file16.txt
2025-12-04 19:03:42.855 | INFO | Rule-based classification: Documents (confidence: 1.00)
2025-12-04 19:03:42.855 | INFO | Explanation: File extension '.txt' maps to Documents
2025-12-04 19:03:42.857 | INFO | Moving: file16.txt → C:\Users\hp\AppData\Local\Temp\pytest-of-Srinivasa Reddy\pytest-10\test_progress_indicator_shown_0\downloads\organized\Documents\file16.txt
2025-12-04 19:03:42.857 | INFO | Moved: file16.txt
2025-12-04 19:03:42.857 | INFO | Classifying: file17.txt
2025-12-04 19:03:42.857 | INFO | Rule-based classification: Documents (confidence: 1.00)
2025-12-04 19:03:42.857 | INFO | Explanation: File extension '.txt' maps to Documents
2025-12-04 19:03:42.858 | INFO | Moving: file17.txt → C:\Users\hp\AppData\Local\Temp\pytest-of-Srinivasa Reddy\pytest-10\test_progress_indicator_shown_0\downloads\organized\Documents\file17.txt
2025-12-04 19:03:42.858 | INFO | Moved: file17.txt
2025-12-04 19:03:42.858 | INFO | Classifying: file18.txt
2025-12-04 19:03:42.858 | INFO | Rule-based classification: Documents (confidence: 1.00)
2025-12-04 19:03:42.858 | INFO | Explanation: File extension '.txt' maps to Documents
2025-12-04 19:03:42.859 | INFO | Moving: file18.txt → C:\Users\hp\AppData\Local\Temp\pytest-of-Srinivasa Reddy\pytest-10\test_progress_indicator_shown_0\downloads\organized\Documents\file18.txt
2025-12-04 19:03:42.859 | INFO | Moved: file18.txt
2025-12-04 19:03:42.859 | INFO | Classifying: file19.txt
2025-12-04 19:03:42.859 | INFO | Rule-based classification: Documents (confidence: 1.00)
2025-12-04 19:03:42.859 | INFO | Explanation: File extension '.txt' maps to Documents
2025-12-04 19:03:42.860 | INFO | Moving: file19.txt → C:\Users\hp\AppData\Local\Temp\pytest-of-Srinivasa Reddy\pytest-10\test_progress_indicator_shown_0\downloads\organized\Documents\file19.txt
2025-12-04 19:03:42.860 | INFO | Moved: file19.txt
2025-12-04 19:03:42.860 | INFO | Classifying: file2.txt
2025-12-04 19:03:42.861 | INFO | Rule-based classification: Documents (confidence: 1.00)
2025-12-04 19:03:42.861 | INFO | Explanation: File extension '.txt' maps to Documents
2025-12-04 19:03:42.861 | INFO | Moving: file2.txt → C:\Users\hp\AppData\Local\Temp\pytest-of-Srinivasa Reddy\pytest-10\test_progress_indicator_shown_0\downloads\organized\Documents\file2.txt
2025-12-04 19:03:42.862 | INFO | Moved: file2.txt
2025-12-04 19:03:42.862 | INFO | Classifying: file20.txt
2025-12-04 19:03:42.862 | INFO | Rule-based classification: Documents (confidence: 1.00)
2025-12-04 19:03:42.862 | INFO | Explanation: File extension '.txt' maps to Documents
2025-12-04 19:03:42.863 | INFO | Moving: file20.txt → C:\Users\hp\AppData\Local\Temp\pytest-of-Srinivasa Reddy\pytest-10\test_progress_indicator_shown_0\downloads\organized\Documents\file20.txt
2025-12-04 19:03:42.863 | INFO | Moved: file20.txt
2025-12-04 19:03:42.863 | INFO | Classifying: file21.txt
2025-12-04 19:03:42.863 | INFO | Rule-based classification: Documents (confidence: 1.00)
2025-12-04 19:03:42.863 | INFO | Explanation: File extension '.txt' maps to Documents
2025-12-04 19:03:42.864 | INFO | Moving: file21.txt → C:\Users\hp\AppData\Local\Temp\pytest-of-Srinivasa Reddy\pytest-10\test_progress_indicator_shown_0\downloads\organized\Documents\file21.txt
2025-12-04 19:03:42.864 | INFO | Moved: file21.txt
2025-12-04 19:03:42.864 | INFO | Classifying: file22.txt
2025-12-04 19:03:42.864 | INFO | Rule-based classification: Documents (confidence: 1.00)
2025-12-04 19:03:42.864 | INFO | Explanation: File extension '.txt' maps to Documents
2025-12-04 19:03:42.868 | INFO | Moving: file22.txt → C:\Users\hp\AppData\Local\Temp\pytest-of-Srinivasa Reddy\pytest-10\test_progress_indicator_shown_0\downloads\organized\Documents\file22.txt
2025-12-04 19:03:42.868 | INFO | Moved: file22.txt
2025-12-04 19:03:42.869 | INFO | Classifying: file23.txt
2025-12-04 19:03:42.869 | INFO | Rule-based classification: Documents (confidence: 1.00)
2025-12-04 19:03:42.869 | INFO | Explanation: File extension '.txt' maps to Documents
2025-12-04 19:03:42.871 | INFO | Moving: file23.txt → C:\Users\hp\AppData\Local\Temp\pytest-of-Srinivasa Reddy\pytest-10\test_progress_indicator_shown_0\downloads\organized\Documents\file23.txt
2025-12-04 19:03:42.871 | INFO | Moved: file23.txt
2025-12-04 19:03:42.871 | INFO | Classifying: file24.txt
2025-12-04 19:03:42.871 | INFO | Rule-based classification: Documents (confidence: 1.00)
2025-12-04 19:03:42.871 | INFO | Explanation: File extension '.txt' maps to Documents
2025-12-04 19:03:42.872 | INFO | Moving: file24.txt → C:\Users\hp\AppData\Local\Temp\pytest-of-Srinivasa Reddy\pytest-10\test_progress_indicator_shown_0\downloads\organized\Documents\file24.txt
2025-12-04 19:03:42.873 | INFO | Moved: file24.txt
2025-12-04 19:03:42.873 | INFO | Classifying: file3.txt
2025-12-04 19:03:42.873 | INFO | Rule-based classification: Documents (confidence: 1.00)
2025-12-04 19:03:42.873 | INFO | Explanation: File extension '.txt' maps to Documents
2025-12-04 19:03:42.874 | INFO | Moving: file3.txt → C:\Users\hp\AppData\Local\Temp\pytest-of-Srinivasa Reddy\pytest-10\test_progress_indicator_shown_0\downloads\organized\Documents\file3.txt
2025-12-04 19:03:42.874 | INFO | Moved: file3.txt
2025-12-04 19:03:42.874 | INFO | Classifying: file4.txt
2025-12-04 19:03:42.874 | INFO | Rule-based classification: Documents (confidence: 1.00)
2025-12-04 19:03:42.874 | INFO | Explanation: File extension '.txt' maps to Documents
2025-12-04 19:03:42.875 | INFO | Moving: file4.txt → C:\Users\hp\AppData\Local\Temp\pytest-of-Srinivasa Reddy\pytest-10\test_progress_indicator_shown_0\downloads\organized\Documents\file4.txt
2025-12-04 19:03:42.875 | INFO | Moved: file4.txt
2025-12-04 19:03:42.876 | INFO | Classifying: file5.txt
2025-12-04 19:03:42.876 | INFO | Rule-based classification: Documents (confidence: 1.00)
2025-12-04 19:03:42.876 | INFO | Explanation: File extension '.txt' maps to Documents
2025-12-04 19:03:42.877 | INFO | Moving: file5.txt → C:\Users\hp\AppData\Local\Temp\pytest-of-Srinivasa Reddy\pytest-10\test_progress_indicator_shown_0\downloads\organized\Documents\file5.txt
2025-12-04 19:03:42.877 | INFO | Moved: file5.txt
2025-12-04 19:03:42.877 | INFO | Classifying: file6.txt
2025-12-04 19:03:42.877 | INFO | Rule-based classification: Documents (confidence: 1.00)
2025-12-04 19:03:42.877 | INFO | Explanation: File extension '.txt' maps to Documents
2025-12-04 19:03:42.879 | INFO | Moving: file6.txt → C:\Users\hp\AppData\Local\Temp\pytest-of-Srinivasa Reddy\pytest-10\test_progress_indicator_shown_0\downloads\organized\Documents\file6.txt
2025-12-04 19:03:42.879 | INFO | Moved: file6.txt
2025-12-04 19:03:42.879 | INFO | Classifying: file7.txt
2025-12-04 19:03:42.879 | INFO | Rule-based classification: Documents (confidence: 1.00)
2025-12-04 19:03:42.879 | INFO | Explanation: File extension '.txt' maps to Documents
2025-12-04 19:03:42.880 | INFO | Moving: file7.txt → C:\Users\hp\AppData\Local\Temp\pytest-of-Srinivasa Reddy\pytest-10\test_progress_indicator_shown_0\downloads\organized\Documents\file7.txt
2025-12-04 19:03:42.880 | INFO | Moved: file7.txt
2025-12-04 19:03:42.880 | INFO | Classifying: file8.txt
2025-12-04 19:03:42.880 | INFO | Rule-based classification: Documents (confidence: 1.00)
2025-12-04 19:03:42.881 | INFO | Explanation: File extension '.txt' maps to Documents
2025-12-04 19:03:42.884 | INFO | Moving: file8.txt → C:\Users\hp\AppData\Local\Temp\pytest-of-Srinivasa Reddy\pytest-10\test_progress_indicator_shown_0\downloads\organized\Documents\file8.txt
2025-12-04 19:03:42.885 | INFO | Moved: file8.txt
2025-12-04 19:03:42.885 | INFO | Classifying: file9.txt
2025-12-04 19:03:42.885 | INFO | Rule-based classification: Documents (confidence: 1.00)
2025-12-04 19:03:42.885 | INFO | Explanation: File extension '.txt' maps to Documents
2025-12-04 19:03:42.887 | INFO | Moving: file9.txt → C:\Users\hp\AppData\Local\Temp\pytest-of-Srinivasa Reddy\pytest-10\test_progress_indicator_shown_0\downloads\organized\Documents\file9.txt
2025-12-04 19:03:42.888 | INFO | Moved: file9.txt
2025-12-04 19:03:42.888 | INFO | Cleanup complete: 25 files moved, 0 errors
